<?xml version="1.0" encoding="UTF-8"?>
<testsuite xmlns:xsi="http://www.w3.org/2001/XMLSchema-instance" xsi:noNamespaceSchemaLocation="https://maven.apache.org/surefire/maven-surefire-plugin/xsd/surefire-test-report.xsd" name="br.com.churchapi.v1.core.entidade.EntidadesTest" time="0.359" tests="2" errors="0" skipped="0" failures="0">
  <properties>
    <property name="sun.desktop" value="windows"/>
    <property name="awt.toolkit" value="sun.awt.windows.WToolkit"/>
    <property name="file.encoding.pkg" value="sun.io"/>
    <property name="java.specification.version" value="1.8"/>
    <property name="sun.cpu.isalist" value="amd64"/>
    <property name="sun.jnu.encoding" value="Cp1252"/>
    <property name="java.class.path" value="C:\Users\jonathan.souza\Documents\Workspace-backend\church-api\target\test-classes;C:\Users\jonathan.souza\Documents\Workspace-backend\church-api\target\classes;C:\Users\jonathan.souza\.m2\repository\org\raml\jaxrs\jaxrs-api\3.0.7\jaxrs-api-3.0.7.jar;C:\Users\jonathan.souza\.m2\repository\com\google\guava\guava\19.0\guava-19.0.jar;C:\Users\jonathan.souza\.m2\repository\org\raml\jaxrs\utilities\3.0.7\utilities-3.0.7.jar;C:\Users\jonathan.souza\.m2\repository\net\jcip\jcip-annotations\1.0\jcip-annotations-1.0.jar;C:\Users\jonathan.souza\.m2\repository\javax\ws\rs\javax.ws.rs-api\2.0.1\javax.ws.rs-api-2.0.1.jar;C:\Users\jonathan.souza\.m2\repository\org\postgresql\postgresql\42.5.0\postgresql-42.5.0.jar;C:\Users\jonathan.souza\.m2\repository\org\checkerframework\checker-qual\3.5.0\checker-qual-3.5.0.jar;C:\Users\jonathan.souza\.m2\repository\org\hibernate\hibernate-core\5.6.11.Final\hibernate-core-5.6.11.Final.jar;C:\Users\jonathan.souza\.m2\repository\org\jboss\logging\jboss-logging\3.4.3.Final\jboss-logging-3.4.3.Final.jar;C:\Users\jonathan.souza\.m2\repository\javax\persistence\javax.persistence-api\2.2\javax.persistence-api-2.2.jar;C:\Users\jonathan.souza\.m2\repository\net\bytebuddy\byte-buddy\1.12.9\byte-buddy-1.12.9.jar;C:\Users\jonathan.souza\.m2\repository\antlr\antlr\2.7.7\antlr-2.7.7.jar;C:\Users\jonathan.souza\.m2\repository\org\jboss\spec\javax\transaction\jboss-transaction-api_1.2_spec\1.1.1.Final\jboss-transaction-api_1.2_spec-1.1.1.Final.jar;C:\Users\jonathan.souza\.m2\repository\org\jboss\jandex\2.4.2.Final\jandex-2.4.2.Final.jar;C:\Users\jonathan.souza\.m2\repository\com\fasterxml\classmate\1.5.1\classmate-1.5.1.jar;C:\Users\jonathan.souza\.m2\repository\javax\activation\javax.activation-api\1.2.0\javax.activation-api-1.2.0.jar;C:\Users\jonathan.souza\.m2\repository\org\hibernate\common\hibernate-commons-annotations\5.1.2.Final\hibernate-commons-annotations-5.1.2.Final.jar;C:\Users\jonathan.souza\.m2\repository\javax\xml\bind\jaxb-api\2.3.1\jaxb-api-2.3.1.jar;C:\Users\jonathan.souza\.m2\repository\org\glassfish\jaxb\jaxb-runtime\2.3.1\jaxb-runtime-2.3.1.jar;C:\Users\jonathan.souza\.m2\repository\org\glassfish\jaxb\txw2\2.3.1\txw2-2.3.1.jar;C:\Users\jonathan.souza\.m2\repository\com\sun\istack\istack-commons-runtime\3.0.7\istack-commons-runtime-3.0.7.jar;C:\Users\jonathan.souza\.m2\repository\org\jvnet\staxex\stax-ex\1.8\stax-ex-1.8.jar;C:\Users\jonathan.souza\.m2\repository\com\sun\xml\fastinfoset\FastInfoset\1.2.15\FastInfoset-1.2.15.jar;C:\Users\jonathan.souza\.m2\repository\javax\enterprise\cdi-api\2.0.SP1\cdi-api-2.0.SP1.jar;C:\Users\jonathan.souza\.m2\repository\javax\el\javax.el-api\3.0.0\javax.el-api-3.0.0.jar;C:\Users\jonathan.souza\.m2\repository\javax\interceptor\javax.interceptor-api\1.2\javax.interceptor-api-1.2.jar;C:\Users\jonathan.souza\.m2\repository\javax\inject\javax.inject\1\javax.inject-1.jar;C:\Users\jonathan.souza\.m2\repository\javax\ejb\javax.ejb-api\3.2.2\javax.ejb-api-3.2.2.jar;C:\Users\jonathan.souza\.m2\repository\javax\transaction\javax.transaction-api\1.3\javax.transaction-api-1.3.jar;C:\Users\jonathan.souza\.m2\repository\junit\junit\4.11\junit-4.11.jar;C:\Users\jonathan.souza\.m2\repository\org\hamcrest\hamcrest-core\1.3\hamcrest-core-1.3.jar;C:\Users\jonathan.souza\.m2\repository\org\powermock\powermock-module-junit4\2.0.9\powermock-module-junit4-2.0.9.jar;C:\Users\jonathan.souza\.m2\repository\org\powermock\powermock-module-junit4-common\2.0.9\powermock-module-junit4-common-2.0.9.jar;C:\Users\jonathan.souza\.m2\repository\org\powermock\powermock-reflect\2.0.9\powermock-reflect-2.0.9.jar;C:\Users\jonathan.souza\.m2\repository\org\powermock\powermock-core\2.0.9\powermock-core-2.0.9.jar;C:\Users\jonathan.souza\.m2\repository\org\javassist\javassist\3.27.0-GA\javassist-3.27.0-GA.jar;C:\Users\jonathan.souza\.m2\repository\com\google\code\bean-matchers\bean-matchers\0.14\bean-matchers-0.14.jar;C:\Users\jonathan.souza\.m2\repository\org\hamcrest\hamcrest\2.2\hamcrest-2.2.jar;C:\Users\jonathan.souza\.m2\repository\org\mockito\mockito-core\4.6.1\mockito-core-4.6.1.jar;C:\Users\jonathan.souza\.m2\repository\net\bytebuddy\byte-buddy-agent\1.12.10\byte-buddy-agent-1.12.10.jar;C:\Users\jonathan.souza\.m2\repository\org\objenesis\objenesis\3.2\objenesis-3.2.jar;C:\Users\jonathan.souza\.m2\repository\javax\validation\validation-api\2.0.1.Final\validation-api-2.0.1.Final.jar;"/>
    <property name="java.vm.vendor" value="Amazon.com Inc."/>
    <property name="sun.arch.data.model" value="64"/>
    <property name="user.variant" value=""/>
    <property name="java.vendor.url" value="https://aws.amazon.com/corretto/"/>
    <property name="user.timezone" value="America/Sao_Paulo"/>
    <property name="java.vm.specification.version" value="1.8"/>
    <property name="os.name" value="Windows 10"/>
    <property name="user.country" value="BR"/>
    <property name="sun.java.launcher" value="SUN_STANDARD"/>
    <property name="sun.boot.library.path" value="C:\Users\jonathan.souza\.jdks\corretto-1.8.0_322\jre\bin"/>
    <property name="sun.java.command" value="C:\Users\JONATH~1.SOU\AppData\Local\Temp\surefire5876929586830657725\surefirebooter3727633081070204374.jar C:\Users\jonathan.souza\AppData\Local\Temp\surefire5876929586830657725 2022-10-07T14-22-24_180-jvmRun1 surefire511879659591744758tmp surefire_0984597678875305119tmp"/>
    <property name="surefire.test.class.path" value="C:\Users\jonathan.souza\Documents\Workspace-backend\church-api\target\test-classes;C:\Users\jonathan.souza\Documents\Workspace-backend\church-api\target\classes;C:\Users\jonathan.souza\.m2\repository\org\raml\jaxrs\jaxrs-api\3.0.7\jaxrs-api-3.0.7.jar;C:\Users\jonathan.souza\.m2\repository\com\google\guava\guava\19.0\guava-19.0.jar;C:\Users\jonathan.souza\.m2\repository\org\raml\jaxrs\utilities\3.0.7\utilities-3.0.7.jar;C:\Users\jonathan.souza\.m2\repository\net\jcip\jcip-annotations\1.0\jcip-annotations-1.0.jar;C:\Users\jonathan.souza\.m2\repository\javax\ws\rs\javax.ws.rs-api\2.0.1\javax.ws.rs-api-2.0.1.jar;C:\Users\jonathan.souza\.m2\repository\org\postgresql\postgresql\42.5.0\postgresql-42.5.0.jar;C:\Users\jonathan.souza\.m2\repository\org\checkerframework\checker-qual\3.5.0\checker-qual-3.5.0.jar;C:\Users\jonathan.souza\.m2\repository\org\hibernate\hibernate-core\5.6.11.Final\hibernate-core-5.6.11.Final.jar;C:\Users\jonathan.souza\.m2\repository\org\jboss\logging\jboss-logging\3.4.3.Final\jboss-logging-3.4.3.Final.jar;C:\Users\jonathan.souza\.m2\repository\javax\persistence\javax.persistence-api\2.2\javax.persistence-api-2.2.jar;C:\Users\jonathan.souza\.m2\repository\net\bytebuddy\byte-buddy\1.12.9\byte-buddy-1.12.9.jar;C:\Users\jonathan.souza\.m2\repository\antlr\antlr\2.7.7\antlr-2.7.7.jar;C:\Users\jonathan.souza\.m2\repository\org\jboss\spec\javax\transaction\jboss-transaction-api_1.2_spec\1.1.1.Final\jboss-transaction-api_1.2_spec-1.1.1.Final.jar;C:\Users\jonathan.souza\.m2\repository\org\jboss\jandex\2.4.2.Final\jandex-2.4.2.Final.jar;C:\Users\jonathan.souza\.m2\repository\com\fasterxml\classmate\1.5.1\classmate-1.5.1.jar;C:\Users\jonathan.souza\.m2\repository\javax\activation\javax.activation-api\1.2.0\javax.activation-api-1.2.0.jar;C:\Users\jonathan.souza\.m2\repository\org\hibernate\common\hibernate-commons-annotations\5.1.2.Final\hibernate-commons-annotations-5.1.2.Final.jar;C:\Users\jonathan.souza\.m2\repository\javax\xml\bind\jaxb-api\2.3.1\jaxb-api-2.3.1.jar;C:\Users\jonathan.souza\.m2\repository\org\glassfish\jaxb\jaxb-runtime\2.3.1\jaxb-runtime-2.3.1.jar;C:\Users\jonathan.souza\.m2\repository\org\glassfish\jaxb\txw2\2.3.1\txw2-2.3.1.jar;C:\Users\jonathan.souza\.m2\repository\com\sun\istack\istack-commons-runtime\3.0.7\istack-commons-runtime-3.0.7.jar;C:\Users\jonathan.souza\.m2\repository\org\jvnet\staxex\stax-ex\1.8\stax-ex-1.8.jar;C:\Users\jonathan.souza\.m2\repository\com\sun\xml\fastinfoset\FastInfoset\1.2.15\FastInfoset-1.2.15.jar;C:\Users\jonathan.souza\.m2\repository\javax\enterprise\cdi-api\2.0.SP1\cdi-api-2.0.SP1.jar;C:\Users\jonathan.souza\.m2\repository\javax\el\javax.el-api\3.0.0\javax.el-api-3.0.0.jar;C:\Users\jonathan.souza\.m2\repository\javax\interceptor\javax.interceptor-api\1.2\javax.interceptor-api-1.2.jar;C:\Users\jonathan.souza\.m2\repository\javax\inject\javax.inject\1\javax.inject-1.jar;C:\Users\jonathan.souza\.m2\repository\javax\ejb\javax.ejb-api\3.2.2\javax.ejb-api-3.2.2.jar;C:\Users\jonathan.souza\.m2\repository\javax\transaction\javax.transaction-api\1.3\javax.transaction-api-1.3.jar;C:\Users\jonathan.souza\.m2\repository\junit\junit\4.11\junit-4.11.jar;C:\Users\jonathan.souza\.m2\repository\org\hamcrest\hamcrest-core\1.3\hamcrest-core-1.3.jar;C:\Users\jonathan.souza\.m2\repository\org\powermock\powermock-module-junit4\2.0.9\powermock-module-junit4-2.0.9.jar;C:\Users\jonathan.souza\.m2\repository\org\powermock\powermock-module-junit4-common\2.0.9\powermock-module-junit4-common-2.0.9.jar;C:\Users\jonathan.souza\.m2\repository\org\powermock\powermock-reflect\2.0.9\powermock-reflect-2.0.9.jar;C:\Users\jonathan.souza\.m2\repository\org\powermock\powermock-core\2.0.9\powermock-core-2.0.9.jar;C:\Users\jonathan.souza\.m2\repository\org\javassist\javassist\3.27.0-GA\javassist-3.27.0-GA.jar;C:\Users\jonathan.souza\.m2\repository\com\google\code\bean-matchers\bean-matchers\0.14\bean-matchers-0.14.jar;C:\Users\jonathan.souza\.m2\repository\org\hamcrest\hamcrest\2.2\hamcrest-2.2.jar;C:\Users\jonathan.souza\.m2\repository\org\mockito\mockito-core\4.6.1\mockito-core-4.6.1.jar;C:\Users\jonathan.souza\.m2\repository\net\bytebuddy\byte-buddy-agent\1.12.10\byte-buddy-agent-1.12.10.jar;C:\Users\jonathan.souza\.m2\repository\org\objenesis\objenesis\3.2\objenesis-3.2.jar;C:\Users\jonathan.souza\.m2\repository\javax\validation\validation-api\2.0.1.Final\validation-api-2.0.1.Final.jar;"/>
    <property name="sun.cpu.endian" value="little"/>
    <property name="user.home" value="C:\Users\jonathan.souza"/>
    <property name="user.language" value="pt"/>
    <property name="java.specification.vendor" value="Oracle Corporation"/>
    <property name="java.home" value="C:\Users\jonathan.souza\.jdks\corretto-1.8.0_322\jre"/>
    <property name="basedir" value="C:\Users\jonathan.souza\Documents\Workspace-backend\church-api"/>
    <property name="file.separator" value="\"/>
    <property name="line.separator" value="&#10;"/>
    <property name="java.vm.specification.vendor" value="Oracle Corporation"/>
    <property name="java.specification.name" value="Java Platform API Specification"/>
    <property name="java.awt.graphicsenv" value="sun.awt.Win32GraphicsEnvironment"/>
    <property name="surefire.real.class.path" value="C:\Users\JONATH~1.SOU\AppData\Local\Temp\surefire5876929586830657725\surefirebooter3727633081070204374.jar"/>
    <property name="sun.boot.class.path" value="C:\Users\jonathan.souza\.jdks\corretto-1.8.0_322\jre\lib\resources.jar;C:\Users\jonathan.souza\.jdks\corretto-1.8.0_322\jre\lib\rt.jar;C:\Users\jonathan.souza\.jdks\corretto-1.8.0_322\jre\lib\sunrsasign.jar;C:\Users\jonathan.souza\.jdks\corretto-1.8.0_322\jre\lib\jsse.jar;C:\Users\jonathan.souza\.jdks\corretto-1.8.0_322\jre\lib\jce.jar;C:\Users\jonathan.souza\.jdks\corretto-1.8.0_322\jre\lib\charsets.jar;C:\Users\jonathan.souza\.jdks\corretto-1.8.0_322\jre\lib\jfr.jar;C:\Users\jonathan.souza\.jdks\corretto-1.8.0_322\jre\classes"/>
    <property name="user.script" value=""/>
    <property name="sun.management.compiler" value="HotSpot 64-Bit Tiered Compilers"/>
    <property name="java.runtime.version" value="1.8.0_322-b06"/>
    <property name="user.name" value="Jonathan.Souza"/>
    <property name="path.separator" value=";"/>
    <property name="os.version" value="10.0"/>
    <property name="java.endorsed.dirs" value="C:\Users\jonathan.souza\.jdks\corretto-1.8.0_322\jre\lib\endorsed"/>
    <property name="java.runtime.name" value="OpenJDK Runtime Environment"/>
    <property name="file.encoding" value="Cp1252"/>
    <property name="java.vm.name" value="OpenJDK 64-Bit Server VM"/>
    <property name="localRepository" value="C:\Users\jonathan.souza\.m2\repository"/>
    <property name="java.vendor.url.bug" value="https://github.com/corretto/corretto-8/issues/"/>
    <property name="java.io.tmpdir" value="C:\Users\JONATH~1.SOU\AppData\Local\Temp\"/>
    <property name="idea.version" value="2021.2.1"/>
    <property name="java.version" value="1.8.0_322"/>
    <property name="user.dir" value="C:\Users\jonathan.souza\Documents\Workspace-backend\church-api"/>
    <property name="os.arch" value="amd64"/>
    <property name="java.vm.specification.name" value="Java Virtual Machine Specification"/>
    <property name="java.awt.printerjob" value="sun.awt.windows.WPrinterJob"/>
    <property name="sun.os.patch.level" value=""/>
    <property name="java.library.path" value="C:\Users\jonathan.souza\.jdks\corretto-1.8.0_322\jre\bin;C:\Windows\Sun\Java\bin;C:\Windows\system32;C:\Windows;C:\Program Files (x86)\Common Files\Oracle\Java\javapath;C:\Windows\system32;C:\Windows;C:\Windows\System32\Wbem;C:\Windows\System32\WindowsPowerShell\v1.0\;C:\Windows\System32\OpenSSH\;C:\Program Files\Git\cmd;C:\Program Files\nodejs\;C:\Program Files\Docker\Docker\resources\bin;C:\ProgramData\DockerDesktop\version-bin;C:\Users\jonathan.souza\AppData\Local\Microsoft\WindowsApps;C:\Users\jonathan.souza\AppData\Local\Programs\Git\cmd;C:\Users\jonathan.souza\Documents\apache-maven-3.8.4\bin;C:\Users\jonathan.souza\AppData\Local\Programs\Microsoft VS Code\bin;C:\Program Files\Java\jdk1.8.0_321\bin;C:\Users\jonathan.souza\AppData\Roaming\npm;C:\Users\jonathan.souza\AppData\Roaming\npm\node_modules\@angular\cli\bin;;."/>
    <property name="java.vm.info" value="mixed mode"/>
    <property name="java.vendor" value="Amazon.com Inc."/>
    <property name="java.vm.version" value="25.322-b06"/>
    <property name="java.ext.dirs" value="C:\Users\jonathan.souza\.jdks\corretto-1.8.0_322\jre\lib\ext;C:\Windows\Sun\Java\lib\ext"/>
    <property name="sun.io.unicode.encoding" value="UnicodeLittle"/>
    <property name="java.class.version" value="52.0"/>
  </properties>
  <testcase name="igrejaTest" classname="br.com.churchapi.v1.core.entidade.EntidadesTest" time="0.315"/>
  <testcase name="membroTest" classname="br.com.churchapi.v1.core.entidade.EntidadesTest" time="0.044"/>
</testsuite>